[32m2026-02-28 14:22:52.967[0m | [1mINFO    [0m | [36m__main__[0m:[36mgenerate_packet_interceptor_logs[0m:[36m38[0m - [1mInitializing packet interceptor...[0m
[32m2026-02-28 14:22:52.971[0m | [1mINFO    [0m | [36m__main__[0m:[36mlog_metrics[0m:[36m27[0m - [1m[33m[1m[SYSTEM] Periodic metrics update - Hour 0[0m[1m[33m[0m[1m | Active_Trackers: 482 | PPS: 20571 | Target: ingestion-srv-02[0m
[32m2026-02-28 14:22:52.971[0m | [34m[1mDEBUG   [0m | [36m__main__[0m:[36mgenerate_packet_interceptor_logs[0m:[36m63[0m - [34m[1mIntercepted INVITE on NODE-01 | Session: 138001EF[0m
[32m2026-02-28 14:22:52.971[0m | [1mINFO    [0m | [36m__main__[0m:[36mgenerate_packet_interceptor_logs[0m:[36m66[0m - [1mTracker-[138001EF] spawned. Monitoring RTP stream...[0m
[32m2026-02-28 14:22:52.974[0m | [32m[1mSUCCESS [0m | [36m__main__[0m:[36mgenerate_packet_interceptor_logs[0m:[36m72[0m - [32m[1mStream-Forward [138001EF] -> ingestion-srv-02 | Pkt-Seq: 1000[0m
[32m2026-02-28 14:22:52.974[0m | [32m[1mSUCCESS [0m | [36m__main__[0m:[36mgenerate_packet_interceptor_logs[0m:[36m72[0m - [32m[1mStream-Forward [138001EF] -> ingestion-cluster-alpha | Pkt-Seq: 1001[0m
[32m2026-02-28 14:22:52.974[0m | [32m[1mSUCCESS [0m | [36m__main__[0m:[36mgenerate_packet_interceptor_logs[0m:[36m72[0m - [32m[1mStream-Forward [138001EF] -> ingestion-cluster-alpha | Pkt-Seq: 1002[0m
[32m2026-02-28 14:22:52.974[0m | [32m[1mSUCCESS [0m | [36m__main__[0m:[36mgenerate_packet_interceptor_logs[0m:[36m72[0m - [32m[1mStream-Forward [138001EF] -> ingestion-cluster-alpha | Pkt-Seq: 1003[0m
[32m2026-02-28 14:22:52.974[0m | [32m[1mSUCCESS [0m | [36m__main__[0m:[36mgenerate_packet_interceptor_logs[0m:[36m72[0m - [32m[1mStream-Forward [138001EF] -> ingestion-srv-01 | Pkt-Seq: 1004[0m
[32m2026-02-28 14:22:52.974[0m | [32m[1mSUCCESS [0m | [36m__main__[0m:[36mgenerate_packet_interceptor_logs[0m:[36m72[0m - [32m[1mStream-Forward [138001EF] -> ingestion-cluster-alpha | Pkt-Seq: 1005[0m
[32m2026-02-28 14:22:52.974[0m | [32m[1mSUCCESS [0m | [36m__main__[0m:[36mgenerate_packet_interceptor_logs[0m:[36m72[0m - [32m[1mStream-Forward [138001EF] -> ingestion-srv-02 | Pkt-Seq: 1006[0m
[32m2026-02-28 14:22:52.974[0m | [32m[1mSUCCESS [0m | [36m__main__[0m:[36mgenerate_packet_interceptor_logs[0m:[36m72[0m - [32m[1mStream-Forward [138001EF] -> ingestion-srv-01 | Pkt-Seq: 1007[0m
[32m2026-02-28 14:22:52.974[0m | [32m[1mSUCCESS [0m | [36m__main__[0m:[36mgenerate_packet_interceptor_logs[0m:[36m72[0m - [32m[1mStream-Forward [138001EF] -> ingestion-cluster-alpha | Pkt-Seq: 1008[0m
[32m2026-02-28 14:22:52.974[0m | [32m[1mSUCCESS [0m | [36m__main__[0m:[36mgenerate_packet_interceptor_logs[0m:[36m72[0m - [32m[1mStream-Forward [138001EF] -> ingestion-cluster-alpha | Pkt-Seq: 1009[0m
[32m2026-02-28 14:22:52.974[0m | [34m[1mDEBUG   [0m | [36m__main__[0m:[36mgenerate_packet_interceptor_logs[0m:[36m63[0m - [34m[1mIntercepted INVITE on NODE-01 | Session: 1DA59C9E[0m
[32m2026-02-28 14:22:52.974[0m | [1mINFO    [0m | [36m__main__[0m:[36mgenerate_packet_interceptor_logs[0m:[36m66[0m - [1mTracker-[1DA59C9E] spawned. Monitoring RTP stream...[0m
[32m2026-02-28 14:22:52.974[0m | [32m[1mSUCCESS [0m | [36m__main__[0m:[36mgenerate_packet_interceptor_logs[0m:[36m72[0m - [32m[1mStream-Forward [1DA59C9E] -> ingestion-cluster-alpha | Pkt-Seq: 1000[0m
[32m2026-02-28 14:22:52.975[0m | [32m[1mSUCCESS [0m | [36m__main__[0m:[36mgenerate_packet_interceptor_logs[0m:[36m72[0m - [32m[1mStream-Forward [1DA59C9E] -> ingestion-srv-01 | Pkt-Seq: 1001[0m
[32m2026-02-28 14:22:52.975[0m | [32m[1mSUCCESS [0m | [36m__main__[0m:[36mgenerate_packet_interceptor_logs[0m:[36m72[0m - [32m[1mStream-Forward [1DA59C9E] -> ingestion-srv-02 | Pkt-Seq: 1002[0m
[32m2026-02-28 14:22:52.975[0m | [32m[1mSUCCESS [0m | [36m__main__[0m:[36mgenerate_packet_interceptor_logs[0m:[36m72[0m - [32m[1mStream-Forward [1DA59C9E] -> ingestion-cluster-alpha | Pkt-Seq: 1003[0m
[32m2026-02-28 14:22:52.975[0m | [32m[1mSUCCESS [0m | [36m__main__[0m:[36mgenerate_packet_interceptor_logs[0m:[36m72[0m - [32m[1mStream-Forward [1DA59C9E] -> ingestion-srv-02 | Pkt-Seq: 1004[0m
[32m2026-02-28 14:22:52.975[0m | [32m[1mSUCCESS [0m | [36m__main__[0m:[36mgenerate_packet_interceptor_logs[0m:[36m72[0m - [32m[1mStream-Forward [1DA59C9E] -> ingestion-srv-01 | Pkt-Seq: 1005[0m
[32m2026-02-28 14:22:52.975[0m | [32m[1mSUCCESS [0m | [36m__main__[0m:[36mgenerate_packet_interceptor_logs[0m:[36m72[0m - [32m[1mStream-Forward [1DA59C9E] -> ingestion-srv-01 | Pkt-Seq: 1006[0m
[32m2026-02-28 14:22:52.975[0m | [34m[1mDEBUG   [0m | [36m__main__[0m:[36mgenerate_packet_interceptor_logs[0m:[36m63[0m - [34m[1mIntercepted INVITE on NODE-04 | Session: 024CA308[0m
[32m2026-02-28 14:22:52.975[0m | [1mINFO    [0m | [36m__main__[0m:[36mgenerate_packet_interceptor_logs[0m:[36m66[0m - [1mTracker-[024CA308] spawned. Monitoring RTP stream...[0m
[32m2026-02-28 14:22:52.975[0m | [32m[1mSUCCESS [0m | [36m__main__[0m:[36mgenerate_packet_interceptor_logs[0m:[36m72[0m - [32m[1mStream-Forward [024CA308] -> ingestion-srv-02 | Pkt-Seq: 1000[0m
[32m2026-02-28 14:22:52.975[0m | [32m[1mSUCCESS [0m | [36m__main__[0m:[36mgenerate_packet_interceptor_logs[0m:[36m72[0m - [32m[1mStream-Forward [024CA308] -> ingestion-srv-01 | Pkt-Seq: 1001[0m
[32m2026-02-28 14:22:52.975[0m | [32m[1mSUCCESS [0m | [36m__main__[0m:[36mgenerate_packet_interceptor_logs[0m:[36m72[0m - [32m[1mStream-Forward [024CA308] -> ingestion-srv-02 | Pkt-Seq: 1002[0m
[32m2026-02-28 14:22:52.975[0m | [32m[1mSUCCESS [0m | [36m__main__[0m:[36mgenerate_packet_interceptor_logs[0m:[36m72[0m - [32m[1mStream-Forward [024CA308] -> ingestion-srv-01 | Pkt-Seq: 1003[0m
[32m2026-02-28 14:22:52.975[0m | [32m[1mSUCCESS [0m | [36m__main__[0m:[36mgenerate_packet_interceptor_logs[0m:[36m72[0m - [32m[1mStream-Forward [024CA308] -> ingestion-srv-01 | Pkt-Seq: 1004[0m
[32m2026-02-28 14:22:52.975[0m | [32m[1mSUCCESS [0m | [36m__main__[0m:[36mgenerate_packet_interceptor_logs[0m:[36m72[0m - [32m[1mStream-Forward [024CA308] -> ingestion-srv-02 | Pkt-Seq: 1005[0m
[32m2026-02-28 14:22:52.975[0m | [32m[1mSUCCESS [0m | [36m__main__[0m:[36mgenerate_packet_interceptor_logs[0m:[36m72[0m - [32m[1mStream-Forward [024CA308] -> ingestion-srv-02 | Pkt-Seq: 1006[0m
[32m2026-02-28 14:22:52.975[0m | [32m[1mSUCCESS [0m | [36m__main__[0m:[36mgenerate_packet_interceptor_logs[0m:[36m72[0m - [32m[1mStream-Forward [024CA308] -> ingestion-srv-02 | Pkt-Seq: 1007[0m
[32m2026-02-28 14:22:52.975[0m | [32m[1mSUCCESS [0m | [36m__main__[0m:[36mgenerate_packet_interceptor_logs[0m:[36m72[0m - [32m[1mStream-Forward [024CA308] -> ingestion-srv-02 | Pkt-Seq: 1008[0m
[32m2026-02-28 14:22:52.975[0m | [34m[1mDEBUG   [0m | [36m__main__[0m:[36mgenerate_packet_interceptor_logs[0m:[36m63[0m - [34m[1mIntercepted INVITE on NODE-04 | Session: 2BC43302[0m
[32m2026-02-28 14:22:52.975[0m | [1mINFO    [0m | [36m__main__[0m:[36mgenerate_packet_interceptor_logs[0m:[36m66[0m - [1mTracker-[2BC43302] spawned. Monitoring RTP stream...[0m
[32m2026-02-28 14:22:52.975[0m | [32m[1mSUCCESS [0m | [36m__main__[0m:[36mgenerate_packet_interceptor_logs[0m:[36m72[0m - [32m[1mStream-Forward [2BC43302] -> ingestion-srv-01 | Pkt-Seq: 1000[0m
[32m2026-02-28 14:22:52.975[0m | [32m[1mSUCCESS [0m | [36m__main__[0m:[36mgenerate_packet_interceptor_logs[0m:[36m72[0m - [32m[1mStream-Forward [2BC43302] -> ingestion-srv-01 | Pkt-Seq: 1001[0m
[32m2026-02-28 14:22:52.975[0m | [32m[1mSUCCESS [0m | [36m__main__[0m:[36mgenerate_packet_interceptor_logs[0m:[36m72[0m - [32m[1mStream-Forward [2BC43302] -> ingestion-srv-01 | Pkt-Seq: 1002[0m
[32m2026-02-28 14:22:52.975[0m | [32m[1mSUCCESS [0m | [36m__main__[0m:[36mgenerate_packet_interceptor_logs[0m:[36m72[0m - [32m[1mStream-Forward [2BC43302] -> ingestion-cluster-alpha | Pkt-Seq: 1003[0m
[32m2026-02-28 14:22:52.975[0m | [32m[1mSUCCESS [0m | [36m__main__[0m:[36mgenerate_packet_interceptor_logs[0m:[36m72[0m - [32m[1mStream-Forward [2BC43302] -> ingestion-srv-01 | Pkt-Seq: 1004[0m
[32m2026-02-28 14:22:52.975[0m | [32m[1mSUCCESS [0m | [36m__main__[0m:[36mgenerate_packet_interceptor_logs[0m:[36m72[0m - [32m[1mStream-Forward [2BC43302] -> ingestion-cluster-alpha | Pkt-Seq: 1005[0m
[32m2026-02-28 14:22:52.975[0m | [32m[1mSUCCESS [0m | [36m__main__[0m:[36mgenerate_packet_interceptor_logs[0m:[36m72[0m - [32m[1mStream-Forward [2BC43302] -> ingestion-cluster-alpha | Pkt-Seq: 1006[0m
[32m2026-02-28 14:22:52.975[0m | [32m[1mSUCCESS [0m | [36m__main__[0m:[36mgenerate_packet_interceptor_logs[0m:[36m72[0m - [32m[1mStream-Forward [2BC43302] -> ingestion-srv-01 | Pkt-Seq: 1007[0m
[32m2026-02-28 14:22:52.975[0m | [32m[1mSUCCESS [0m | [36m__main__[0m:[36mgenerate_packet_interceptor_logs[0m:[36m72[0m - [32m[1mStream-Forward [2BC43302] -> ingestion-srv-02 | Pkt-Seq: 1008[0m
[32m2026-02-28 14:22:52.975[0m | [32m[1mSUCCESS [0m | [36m__main__[0m:[36mgenerate_packet_interceptor_logs[0m:[36m72[0m - [32m[1mStream-Forward [2BC43302] -> ingestion-srv-02 | Pkt-Seq: 1009[0m
[32m2026-02-28 14:22:52.976[0m | [34m[1mDEBUG   [0m | [36m__main__[0m:[36mgenerate_packet_interceptor_logs[0m:[36m63[0m - [34m[1mIntercepted INVITE on NODE-03 | Session: 8FCEFFD3[0m
[32m2026-02-28 14:22:52.976[0m | [1mINFO    [0m | [36m__main__[0m:[36mgenerate_packet_interceptor_logs[0m:[36m66[0m - [1mTracker-[8FCEFFD3] spawned. Monitoring RTP stream...[0m
[32m2026-02-28 14:22:52.976[0m | [32m[1mSUCCESS [0m | [36m__main__[0m:[36mgenerate_packet_interceptor_logs[0m:[36m72[0m - [32m[1mStream-Forward [8FCEFFD3] -> ingestion-srv-02 | Pkt-Seq: 1000[0m
[32m2026-02-28 14:22:52.976[0m | [32m[1mSUCCESS [0m | [36m__main__[0m:[36mgenerate_packet_interceptor_logs[0m:[36m72[0m - [32m[1mStream-Forward [8FCEFFD3] -> ingestion-cluster-alpha | Pkt-Seq: 1001[0m
[32m2026-02-28 14:22:52.976[0m | [32m[1mSUCCESS [0m | [36m__main__[0m:[36mgenerate_packet_interceptor_logs[0m:[36m72[0m - [32m[1mStream-Forward [8FCEFFD3] -> ingestion-srv-01 | Pkt-Seq: 1002[0m
[32m2026-02-28 14:22:52.976[0m | [32m[1mSUCCESS [0m | [36m__main__[0m:[36mgenerate_packet_interceptor_logs[0m:[36m72[0m - [32m[1mStream-Forward [8FCEFFD3] -> ingestion-cluster-alpha | Pkt-Seq: 1003[0m
[32m2026-02-28 14:22:52.976[0m | [32m[1mSUCCESS [0m | [36m__main__[0m:[36mgenerate_packet_interceptor_logs[0m:[36m72[0m - [32m[1mStream-Forward [8FCEFFD3] -> ingestion-srv-01 | Pkt-Seq: 1004[0m
[32m2026-02-28 14:22:52.976[0m | [32m[1mSUCCESS [0m | [36m__main__[0m:[36mgenerate_packet_interceptor_logs[0m:[36m72[0m - [32m[1mStream-Forward [8FCEFFD3] -> ingestion-srv-01 | Pkt-Seq: 1005[0m
[32m2026-02-28 14:22:52.976[0m | [32m[1mSUCCESS [0m | [36m__main__[0m:[36mgenerate_packet_interceptor_logs[0m:[36m72[0m - [32m[1mStream-Forward [8FCEFFD3] -> ingestion-srv-01 | Pkt-Seq: 1006[0m
[32m2026-02-28 14:22:52.976[0m | [32m[1mSUCCESS [0m | [36m__main__[0m:[36mgenerate_packet_interceptor_logs[0m:[36m72[0m - [32m[1mStream-Forward [8FCEFFD3] -> ingestion-cluster-alpha | Pkt-Seq: 1007[0m
[32m2026-02-28 14:22:52.976[0m | [32m[1mSUCCESS [0m | [36m__main__[0m:[36mgenerate_packet_interceptor_logs[0m:[36m72[0m - [32m[1mStream-Forward [8FCEFFD3] -> ingestion-srv-02 | Pkt-Seq: 1008[0m
[32m2026-02-28 14:22:53.006[0m | [31m[1mERROR   [0m | [36m__main__[0m:[36mgenerate_packet_interceptor_logs[0m:[36m76[0m - [31m[1mSync-Loss on NODE-03 for Tracker-[30D17287] - Re-buffering...[0m
[32m2026-02-28 14:22:53.529[0m | [1mINFO    [0m | [36m__main__[0m:[36mlog_metrics[0m:[36m27[0m - [1m[33m[1m[SYSTEM] Periodic metrics update - Hour 1[0m[1m[33m[0m[1m | Active_Trackers: 290 | PPS: 17596 | Target: ingestion-srv-02[0m
[32m2026-02-28 14:22:53.529[0m | [34m[1mDEBUG   [0m | [36m__main__[0m:[36mgenerate_packet_interceptor_logs[0m:[36m63[0m - [34m[1mIntercepted INVITE on NODE-02 | Session: D8CE501A[0m
[32m2026-02-28 14:22:53.529[0m | [1mINFO    [0m | [36m__main__[0m:[36mgenerate_packet_interceptor_logs[0m:[36m66[0m - [1mTracker-[D8CE501A] spawned. Monitoring RTP stream...[0m
[32m2026-02-28 14:22:53.529[0m | [32m[1mSUCCESS [0m | [36m__main__[0m:[36mgenerate_packet_interceptor_logs[0m:[36m72[0m - [32m[1mStream-Forward [D8CE501A] -> ingestion-srv-02 | Pkt-Seq: 1000[0m
[32m2026-02-28 14:22:53.529[0m | [32m[1mSUCCESS [0m | [36m__main__[0m:[36mgenerate_packet_interceptor_logs[0m:[36m72[0m - [32m[1mStream-Forward [D8CE501A] -> ingestion-cluster-alpha | Pkt-Seq: 1001[0m
[32m2026-02-28 14:22:53.529[0m | [32m[1mSUCCESS [0m | [36m__main__[0m:[36mgenerate_packet_interceptor_logs[0m:[36m72[0m - [32m[1mStream-Forward [D8CE501A] -> ingestion-srv-01 | Pkt-Seq: 1002[0m
[32m2026-02-28 14:22:53.529[0m | [32m[1mSUCCESS [0m | [36m__main__[0m:[36mgenerate_packet_interceptor_logs[0m:[36m72[0m - [32m[1mStream-Forward [D8CE501A] -> ingestion-srv-02 | Pkt-Seq: 1003[0m
[32m2026-02-28 14:22:53.529[0m | [32m[1mSUCCESS [0m | [36m__main__[0m:[36mgenerate_packet_interceptor_logs[0m:[36m72[0m - [32m[1mStream-Forward [D8CE501A] -> ingestion-cluster-alpha | Pkt-Seq: 1004[0m
[32m2026-02-28 14:22:53.529[0m | [32m[1mSUCCESS [0m | [36m__main__[0m:[36mgenerate_packet_interceptor_logs[0m:[36m72[0m - [32m[1mStream-Forward [D8CE501A] -> ingestion-cluster-alpha | Pkt-Seq: 1005[0m
[32m2026-02-28 14:22:53.529[0m | [32m[1mSUCCESS [0m | [36m__main__[0m:[36mgenerate_packet_interceptor_logs[0m:[36m72[0m - [32m[1mStream-Forward [D8CE501A] -> ingestion-cluster-alpha | Pkt-Seq: 1006[0m
[32m2026-02-28 14:22:53.529[0m | [32m[1mSUCCESS [0m | [36m__main__[0m:[36mgenerate_packet_interceptor_logs[0m:[36m72[0m - [32m[1mStream-Forward [D8CE501A] -> ingestion-cluster-alpha | Pkt-Seq: 1007[0m
[32m2026-02-28 14:22:53.529[0m | [34m[1mDEBUG   [0m | [36m__main__[0m:[36mgenerate_packet_interceptor_logs[0m:[36m63[0m - [34m[1mIntercepted INVITE on NODE-02 | Session: 82558784[0m
[32m2026-02-28 14:22:53.529[0m | [1mINFO    [0m | [36m__main__[0m:[36mgenerate_packet_interceptor_logs[0m:[36m66[0m - [1mTracker-[82558784] spawned. Monitoring RTP stream...[0m
[32m2026-02-28 14:22:53.530[0m | [32m[1mSUCCESS [0m | [36m__main__[0m:[36mgenerate_packet_interceptor_logs[0m:[36m72[0m - [32m[1mStream-Forward [82558784] -> ingestion-cluster-alpha | Pkt-Seq: 1000[0m
[32m2026-02-28 14:22:53.530[0m | [32m[1mSUCCESS [0m | [36m__main__[0m:[36mgenerate_packet_interceptor_logs[0m:[36m72[0m - [32m[1mStream-Forward [82558784] -> ingestion-srv-01 | Pkt-Seq: 1001[0m
[32m2026-02-28 14:22:53.530[0m | [32m[1mSUCCESS [0m | [36m__main__[0m:[36mgenerate_packet_interceptor_logs[0m:[36m72[0m - [32m[1mStream-Forward [82558784] -> ingestion-srv-02 | Pkt-Seq: 1002[0m
[32m2026-02-28 14:22:53.530[0m | [32m[1mSUCCESS [0m | [36m__main__[0m:[36mgenerate_packet_interceptor_logs[0m:[36m72[0m - [32m[1mStream-Forward [82558784] -> ingestion-cluster-alpha | Pkt-Seq: 1003[0m
[32m2026-02-28 14:22:53.530[0m | [32m[1mSUCCESS [0m | [36m__main__[0m:[36mgenerate_packet_interceptor_logs[0m:[36m72[0m - [32m[1mStream-Forward [82558784] -> ingestion-srv-01 | Pkt-Seq: 1004[0m
[32m2026-02-28 14:22:53.530[0m | [32m[1mSUCCESS [0m | [36m__main__[0m:[36mgenerate_packet_interceptor_logs[0m:[36m72[0m - [32m[1mStream-Forward [82558784] -> ingestion-cluster-alpha | Pkt-Seq: 1005[0m
[32m2026-02-28 14:22:53.530[0m | [32m[1mSUCCESS [0m | [36m__main__[0m:[36mgenerate_packet_interceptor_logs[0m:[36m72[0m - [32m[1mStream-Forward [82558784] -> ingestion-cluster-alpha | Pkt-Seq: 1006[0m
[32m2026-02-28 14:22:53.530[0m | [32m[1mSUCCESS [0m | [36m__main__[0m:[36mgenerate_packet_interceptor_logs[0m:[36m72[0m - [32m[1mStream-Forward [82558784] -> ingestion-cluster-alpha | Pkt-Seq: 1007[0m
[32m2026-02-28 14:22:53.530[0m | [32m[1mSUCCESS [0m | [36m__main__[0m:[36mgenerate_packet_interceptor_logs[0m:[36m72[0m - [32m[1mStream-Forward [82558784] -> ingestion-cluster-alpha | Pkt-Seq: 1008[0m
[32m2026-02-28 14:22:53.530[0m | [32m[1mSUCCESS [0m | [36m__main__[0m:[36mgenerate_packet_interceptor_logs[0m:[36m72[0m - [32m[1mStream-Forward [82558784] -> ingestion-cluster-alpha | Pkt-Seq: 1009[0m
[32m2026-02-28 14:22:53.530[0m | [34m[1mDEBUG   [0m | [36m__main__[0m:[36mgenerate_packet_interceptor_logs[0m:[36m63[0m - [34m[1mIntercepted INVITE on NODE-02 | Session: 14B01970[0m
[32m2026-02-28 14:22:53.530[0m | [1mINFO    [0m | [36m__main__[0m:[36mgenerate_packet_interceptor_logs[0m:[36m66[0m - [1mTracker-[14B01970] spawned. Monitoring RTP stream...[0m
[32m2026-02-28 14:22:53.530[0m | [32m[1mSUCCESS [0m | [36m__main__[0m:[36mgenerate_packet_interceptor_logs[0m:[36m72[0m - [32m[1mStream-Forward [14B01970] -> ingestion-srv-02 | Pkt-Seq: 1000[0m
[32m2026-02-28 14:22:53.530[0m | [32m[1mSUCCESS [0m | [36m__main__[0m:[36mgenerate_packet_interceptor_logs[0m:[36m72[0m - [32m[1mStream-Forward [14B01970] -> ingestion-srv-02 | Pkt-Seq: 1001[0m
[32m2026-02-28 14:22:53.530[0m | [32m[1mSUCCESS [0m | [36m__main__[0m:[36mgenerate_packet_interceptor_logs[0m:[36m72[0m - [32m[1mStream-Forward [14B01970] -> ingestion-srv-02 | Pkt-Seq: 1002[0m
[32m2026-02-28 14:22:53.530[0m | [32m[1mSUCCESS [0m | [36m__main__[0m:[36mgenerate_packet_interceptor_logs[0m:[36m72[0m - [32m[1mStream-Forward [14B01970] -> ingestion-srv-02 | Pkt-Seq: 1003[0m
[32m2026-02-28 14:22:53.530[0m | [32m[1mSUCCESS [0m | [36m__main__[0m:[36mgenerate_packet_interceptor_logs[0m:[36m72[0m - [32m[1mStream-Forward [14B01970] -> ingestion-srv-02 | Pkt-Seq: 1004[0m
[32m2026-02-28 14:22:53.530[0m | [32m[1mSUCCESS [0m | [36m__main__[0m:[36mgenerate_packet_interceptor_logs[0m:[36m72[0m - [32m[1mStream-Forward [14B01970] -> ingestion-srv-02 | Pkt-Seq: 1005[0m
[32m2026-02-28 14:22:53.530[0m | [32m[1mSUCCESS [0m | [36m__main__[0m:[36mgenerate_packet_interceptor_logs[0m:[36m72[0m - [32m[1mStream-Forward [14B01970] -> ingestion-srv-01 | Pkt-Seq: 1006[0m
